<?xml version="1.0" encoding="UTF-8"?>
<!-- Generated by org.testng.reporters.JUnitXMLReporter -->
<testsuite ignored="0" hostname="Gowthami" failures="1" tests="1" name="Default test" time="2.286" errors="0" timestamp="2025-02-17T00:10:56 PST">
  <testcase classname="io.cucumber.testng.AbstractTestNGCucumberTests" name="runScenario" time="1.678">
    <failure type="java.lang.NullPointerException" message="Cannot invoke &amp;quot;org.openqa.selenium.WebDriver.manage()&amp;quot; because &amp;quot;this.driver&amp;quot; is null">
      <![CDATA[java.lang.NullPointerException: Cannot invoke "org.openqa.selenium.WebDriver.manage()" because "this.driver" is null
at Automationacademy.TestComponents.BaseTest.initializedriver(BaseTest.java:75)
at Automationacademy.TestComponents.BaseTest.launchApplication(BaseTest.java:109)
at Automationacademy.stepDefinitions.stepDefinitionImpl.I_landed_on_Ecommerce_Page(stepDefinitionImpl.java:29)
at ✽.I landed on Ecommerce Page(file:///C:/Users/gowth/eclipse-spacework/SeleniumFrameworkDesign/src/test/java/cucumber/PurchaseOrder.feature:8)
]]>
    </failure>
  </testcase> <!-- runScenario -->
</testsuite> <!-- Default test -->
