<?xml version="1.0" encoding="UTF-8"?>
<!-- Generated by org.testng.reporters.JUnitXMLReporter -->
<testsuite ignored="2" hostname="Gowthami" failures="0" tests="0" time="0.012" errors="0" timestamp="2025-02-09T22:03:33 PST">
  <testcase classname="Automationacademy.tests.ErrorValidationsTest" name="ProductErrorValidatio" time="0.0">
    <ignored/>
  </testcase> <!-- ProductErrorValidatio -->
  <testcase classname="Automationacademy.tests.ErrorValidationsTest" name="LoginErrorValidation" time="0.0">
    <ignored/>
  </testcase> <!-- LoginErrorValidation -->
</testsuite>
