<?xml version="1.0" encoding="UTF-8"?>
<!-- Generated by org.testng.reporters.JUnitXMLReporter -->
<testsuite ignored="0" hostname="Gowthami" failures="0" tests="2" name="Error Validations Test" time="1.385" errors="0" timestamp="2025-02-17T08:45:03 PST">
  <testcase classname="Automationacademy.tests.ErrorValidationsTest" name="LoginErrorValidation" time="0.0">
    <skipped/>
  </testcase> <!-- LoginErrorValidation -->
  <testcase classname="Automationacademy.tests.ErrorValidationsTest" name="ProductErrorValidatio" time="0.0">
    <skipped/>
  </testcase> <!-- ProductErrorValidatio -->
</testsuite> <!-- Error Validations Test -->
