<?xml version="1.0" encoding="UTF-8"?>
<!-- Generated by org.testng.reporters.JUnitReportReporter -->
<testsuite hostname="Gowthami" failures="0" tests="1" name="cucumber.TestNGTestRunner" time="1.678" errors="1" timestamp="2025-02-17T00:10:56 PST" skipped="0">
  <testcase classname="cucumber.TestNGTestRunner" name="runScenario" time="1.678">
    <error message="Cannot invoke &quot;org.openqa.selenium.WebDriver.manage()&quot; because &quot;this.driver&quot; is null" type="java.lang.NullPointerException">
      <![CDATA[java.lang.NullPointerException: Cannot invoke "org.openqa.selenium.WebDriver.manage()" because "this.driver" is null
at Automationacademy.TestComponents.BaseTest.initializedriver(BaseTest.java:75)
at Automationacademy.TestComponents.BaseTest.launchApplication(BaseTest.java:109)
at Automationacademy.stepDefinitions.stepDefinitionImpl.I_landed_on_Ecommerce_Page(stepDefinitionImpl.java:29)
at ✽.I landed on Ecommerce Page(file:///C:/Users/gowth/eclipse-spacework/SeleniumFrameworkDesign/src/test/java/cucumber/PurchaseOrder.feature:8)
]]>
    </error>
  </testcase> <!-- runScenario -->
</testsuite> <!-- cucumber.TestNGTestRunner -->
